<?xml version="1.0" encoding="UTF-8"?>
<!-- Generated by org.testng.reporters.JUnitXMLReporter -->
<testsuite ignored="0" hostname="DESKTOP-79ACFU8" failures="0" tests="1" name="clinicNote-CloseEncounter(failed)" time="6.904" errors="0" timestamp="2020-07-05T20:44:07 PDT">
  <testcase classname="tests.TestSensorimotorExam" name="@BeforeTest beforeTest" time="4.066">
    <failure type="org.openqa.selenium.SessionNotCreatedException" message="session not created: This version of ChromeDriver only supports Chrome version 78
Build info: version: &amp;apos;3.11.0&amp;apos;, revision: &amp;apos;e59cfb3&amp;apos;, time: &amp;apos;2018-03-11T20:26:55.152Z&amp;apos;
System info: host: &amp;apos;DESKTOP-79ACFU8&amp;apos;, ip: &amp;apos;127.0.0.1&amp;apos;, os.name: &amp;apos;Windows 10&amp;apos;, os.arch: &amp;apos;amd64&amp;apos;, os.version: &amp;apos;10.0&amp;apos;, java.version: &amp;apos;13.0.1&amp;apos;
Driver info: driver.version: ChromeDriver
remote stacktrace: Backtrace:
	Ordinal0 [0x00CCA923+1550627]
	Ordinal0 [0x00C4A731+1025841]
	Ordinal0 [0x00BCC715+509717]
	Ordinal0 [0x00B5FC68+64616]
	Ordinal0 [0x00B5C594+50580]
	Ordinal0 [0x00B7ACE7+175335]
	Ordinal0 [0x00B7A8ED+174317]
	Ordinal0 [0x00B78CDB+167131]
	Ordinal0 [0x00B6144A+70730]
	Ordinal0 [0x00B624D0+74960]
	Ordinal0 [0x00B62469+74857]
	Ordinal0 [0x00C642F7+1131255]
	GetHandleVerifier [0x00D6711D+523789]
	GetHandleVerifier [0x00D66EB0+523168]
	GetHandleVerifier [0x00D6E207+552695]
	GetHandleVerifier [0x00D6791A+525834]
	Ordinal0 [0x00C5B82C+1095724]
	Ordinal0 [0x00C6636B+1139563]
	Ordinal0 [0x00C664D3+1139923]
	Ordinal0 [0x00C65455+1135701]
	BaseThreadInitThunk [0x76C18484+36]
	RtlValidSecurityDescriptor [0x77A12FEA+282]
	RtlValidSecurityDescriptor [0x77A12FBA+234]
">
      <![CDATA[org.openqa.selenium.SessionNotCreatedException: session not created: This version of ChromeDriver only supports Chrome version 78
Build info: version: '3.11.0', revision: 'e59cfb3', time: '2018-03-11T20:26:55.152Z'
System info: host: 'DESKTOP-79ACFU8', ip: '127.0.0.1', os.name: 'Windows 10', os.arch: 'amd64', os.version: '10.0', java.version: '13.0.1'
Driver info: driver.version: ChromeDriver
remote stacktrace: Backtrace:
Ordinal0 [0x00CCA923+1550627]
Ordinal0 [0x00C4A731+1025841]
Ordinal0 [0x00BCC715+509717]
Ordinal0 [0x00B5FC68+64616]
Ordinal0 [0x00B5C594+50580]
Ordinal0 [0x00B7ACE7+175335]
Ordinal0 [0x00B7A8ED+174317]
Ordinal0 [0x00B78CDB+167131]
Ordinal0 [0x00B6144A+70730]
Ordinal0 [0x00B624D0+74960]
Ordinal0 [0x00B62469+74857]
Ordinal0 [0x00C642F7+1131255]
GetHandleVerifier [0x00D6711D+523789]
GetHandleVerifier [0x00D66EB0+523168]
GetHandleVerifier [0x00D6E207+552695]
GetHandleVerifier [0x00D6791A+525834]
Ordinal0 [0x00C5B82C+1095724]
Ordinal0 [0x00C6636B+1139563]
Ordinal0 [0x00C664D3+1139923]
Ordinal0 [0x00C65455+1135701]
BaseThreadInitThunk [0x76C18484+36]
RtlValidSecurityDescriptor [0x77A12FEA+282]
RtlValidSecurityDescriptor [0x77A12FBA+234]

at java.base/jdk.internal.reflect.NativeConstructorAccessorImpl.newInstance0(Native Method)
at java.base/jdk.internal.reflect.NativeConstructorAccessorImpl.newInstance(NativeConstructorAccessorImpl.java:62)
at java.base/jdk.internal.reflect.DelegatingConstructorAccessorImpl.newInstance(DelegatingConstructorAccessorImpl.java:45)
at java.base/java.lang.reflect.Constructor.newInstanceWithCaller(Constructor.java:500)
at java.base/java.lang.reflect.Constructor.newInstance(Constructor.java:481)
at org.openqa.selenium.remote.W3CHandshakeResponse.lambda$new$0(W3CHandshakeResponse.java:57)
at org.openqa.selenium.remote.W3CHandshakeResponse.lambda$getResponseFunction$2(W3CHandshakeResponse.java:104)
at org.openqa.selenium.remote.ProtocolHandshake.lambda$createSession$0(ProtocolHandshake.java:123)
at java.base/java.util.stream.ReferencePipeline$3$1.accept(ReferencePipeline.java:195)
at java.base/java.util.Spliterators$ArraySpliterator.tryAdvance(Spliterators.java:958)
at java.base/java.util.stream.ReferencePipeline.forEachWithCancel(ReferencePipeline.java:127)
at java.base/java.util.stream.AbstractPipeline.copyIntoWithCancel(AbstractPipeline.java:502)
at java.base/java.util.stream.AbstractPipeline.copyInto(AbstractPipeline.java:488)
at java.base/java.util.stream.AbstractPipeline.wrapAndCopyInto(AbstractPipeline.java:474)
at java.base/java.util.stream.FindOps$FindOp.evaluateSequential(FindOps.java:150)
at java.base/java.util.stream.AbstractPipeline.evaluate(AbstractPipeline.java:234)
at java.base/java.util.stream.ReferencePipeline.findFirst(ReferencePipeline.java:543)
at org.openqa.selenium.remote.ProtocolHandshake.createSession(ProtocolHandshake.java:126)
at org.openqa.selenium.remote.ProtocolHandshake.createSession(ProtocolHandshake.java:73)
at org.openqa.selenium.remote.HttpCommandExecutor.execute(HttpCommandExecutor.java:136)
at org.openqa.selenium.remote.service.DriverCommandExecutor.execute(DriverCommandExecutor.java:83)
at org.openqa.selenium.remote.RemoteWebDriver.execute(RemoteWebDriver.java:545)
at org.openqa.selenium.remote.RemoteWebDriver.startSession(RemoteWebDriver.java:209)
at org.openqa.selenium.remote.RemoteWebDriver.<init>(RemoteWebDriver.java:132)
at org.openqa.selenium.chrome.ChromeDriver.<init>(ChromeDriver.java:181)
at org.openqa.selenium.chrome.ChromeDriver.<init>(ChromeDriver.java:168)
at org.openqa.selenium.chrome.ChromeDriver.<init>(ChromeDriver.java:123)
at utilities.SetUp.instBrowser(SetUp.java:29)
at tests.TestSensorimotorExam.beforeTest(TestSensorimotorExam.java:42)
at java.base/jdk.internal.reflect.NativeMethodAccessorImpl.invoke0(Native Method)
at java.base/jdk.internal.reflect.NativeMethodAccessorImpl.invoke(NativeMethodAccessorImpl.java:62)
at java.base/jdk.internal.reflect.DelegatingMethodAccessorImpl.invoke(DelegatingMethodAccessorImpl.java:43)
at java.base/java.lang.reflect.Method.invoke(Method.java:567)
at org.testng.internal.MethodInvocationHelper.invokeMethod(MethodInvocationHelper.java:133)
at org.testng.internal.MethodInvocationHelper.invokeMethodConsideringTimeout(MethodInvocationHelper.java:62)
at org.testng.internal.ConfigInvoker.invokeConfigurationMethod(ConfigInvoker.java:340)
at org.testng.internal.ConfigInvoker.invokeConfigurations(ConfigInvoker.java:294)
at org.testng.TestRunner.invokeTestConfigurations(TestRunner.java:623)
at org.testng.TestRunner.beforeRun(TestRunner.java:613)
at org.testng.TestRunner.run(TestRunner.java:584)
at org.testng.SuiteRunner.runTest(SuiteRunner.java:402)
at org.testng.SuiteRunner.access$000(SuiteRunner.java:41)
at org.testng.SuiteRunner$SuiteWorker.run(SuiteRunner.java:443)
at org.testng.internal.thread.ThreadUtil.lambda$execute$0(ThreadUtil.java:67)
at java.base/java.util.concurrent.FutureTask.run(FutureTask.java:264)
at java.base/java.util.concurrent.ThreadPoolExecutor.runWorker(ThreadPoolExecutor.java:1128)
at java.base/java.util.concurrent.ThreadPoolExecutor$Worker.run(ThreadPoolExecutor.java:628)
at java.base/java.lang.Thread.run(Thread.java:830)
]]>
    </failure>
  </testcase> <!-- @BeforeTest beforeTest -->
  <testcase classname="tests.TestSensorimotorExam" name="@AfterTest logOut" time="-1.594007047408E9">
    <skipped/>
  </testcase> <!-- @AfterTest logOut -->
  <testcase classname="tests.TestSensorimotorExam" name="checkSensorimotorExam" time="0.0">
    <skipped/>
  </testcase> <!-- checkSensorimotorExam -->
</testsuite> <!-- clinicNote-CloseEncounter(failed) -->
